
> blogfolio@0.1.0 dev
> next dev

   ▲ Next.js 15.3.4
   - Local:        http://localhost:3000
   - Network:      http://169.254.0.21:3000
   - Environments: .env.local
   - Experiments (use with caution):
     ✓ optimizeCss
     ✓ webpackBuildWorker

 ✓ Starting...
 ⚠ Invalid next.config.mjs options detected: 
 ⚠     Unrecognized key(s) in object: 'swcMinify'
 ⚠ See more info here: https://nextjs.org/docs/messages/invalid-next-config
 ✓ Ready in 2.6s
 ○ Compiling /middleware ...
 ✓ Compiled /middleware in 5.5s (464 modules)
 ○ Compiling / ...
<w> [webpack.cache.PackFileCacheStrategy] Serializing big strings (128kiB) impacts deserialization performance (consider using Buffer instead and decode when needed)
 ✓ Compiled / in 17.8s (1121 modules)
 HEAD / 200 in 20134ms
 GET / 200 in 701ms
 ⚠ Cross origin request detected from fd831f023a347a1aaa.blackbx.ai to /_next/* resource. In a future major version of Next.js, you will need to explicitly configure "allowedDevOrigins" in next.config to allow this.
Read more: https://nextjs.org/docs/app/api-reference/config/next-config-js/allowedDevOrigins
